{
  "stats": {
    "suites": 1,
    "tests": 3,
    "passes": 1,
    "pending": 0,
    "failures": 2,
    "start": "2026-02-27T16:40:56.612Z",
    "end": "2026-02-27T16:40:57.877Z",
    "duration": 1265,
    "testsRegistered": 3,
    "passPercent": 33.33333333333333,
    "pendingPercent": 0,
    "other": 0,
    "hasOther": false,
    "skipped": 0,
    "hasSkipped": false
  },
  "results": [
    {
      "uuid": "9c8ba289-4ca6-4c0d-86b4-4a42b29ac560",
      "title": "",
      "fullFile": "cypress/e2e/api/books.negative.cy.js",
      "file": "cypress/e2e/api/books.negative.cy.js",
      "beforeHooks": [],
      "afterHooks": [],
      "tests": [],
      "suites": [
        {
          "uuid": "b642a103-c349-4b66-9840-17e2cac4dbd7",
          "title": "API - Negative Scenarios: BookStore Books",
          "fullFile": "",
          "file": "",
          "beforeHooks": [],
          "afterHooks": [],
          "tests": [
            {
              "title": "TC-API-06 — Negative: unsupported method returns proper error",
              "fullTitle": "API - Negative Scenarios: BookStore Books TC-API-06 — Negative: unsupported method returns proper error",
              "timedOut": null,
              "duration": 188,
              "state": "failed",
              "speed": null,
              "pass": false,
              "fail": true,
              "pending": false,
              "context": null,
              "code": "cy.env(['apiBaseUrl']).then(({\n  apiBaseUrl\n}) => {\n  const base = apiBaseUrl || 'https://demoqa.com';\n  cy.request({\n    method: 'POST',\n    url: `${base}/BookStore/v1/Books`,\n    failOnStatusCode: false,\n    body: {}\n  }).then(res => {\n    // Expected: 4xx (e.g., 405 Method Not Allowed)\n    // Observed: 500 -> API defect (server error for unsupported method)\n    expect(res.status, 'BUG: POST /Books should not return 5xx').to.not.be.within(500, 599);\n    expect(res.status, 'POST /Books should not succeed').to.not.be.within(200, 299);\n  });\n});",
              "err": {
                "message": "AssertionError: BUG: POST /Books should not return 5xx: expected 500 to not be within 500..599",
                "estack": "AssertionError: BUG: POST /Books should not return 5xx: expected 500 to not be within 500..599\n    at Context.eval (webpack://abb-demoqa-cypress-marisleydihondar/./cypress/e2e/api/books.negative.cy.js:14:79)\n    at getRet (https://demoqa.com/__cypress/runner/cypress_runner.js:122806:20)\n    at tryCatcher (https://demoqa.com/__cypress/runner/cypress_runner.js:1777:23)\n    at Promise.attempt.Promise.try (https://demoqa.com/__cypress/runner/cypress_runner.js:4285:29)\n    at Context.thenFn (https://demoqa.com/__cypress/runner/cypress_runner.js:122817:66)\n    at Context.then (https://demoqa.com/__cypress/runner/cypress_runner.js:123068:21)",
                "diff": null
              },
              "uuid": "a789c9d7-ae3f-4a04-aba9-aa5d88c04b83",
              "parentUUID": "b642a103-c349-4b66-9840-17e2cac4dbd7",
              "isHook": false,
              "skipped": false
            },
            {
              "title": "TC-API-07 — Negative: invalid endpoint path returns 404",
              "fullTitle": "API - Negative Scenarios: BookStore Books TC-API-07 — Negative: invalid endpoint path returns 404",
              "timedOut": null,
              "duration": 182,
              "state": "failed",
              "speed": null,
              "pass": false,
              "fail": true,
              "pending": false,
              "context": null,
              "code": "cy.env(['apiBaseUrl']).then(({\n  apiBaseUrl\n}) => {\n  const base = apiBaseUrl || 'https://demoqa.com';\n  cy.request({\n    method: 'GET',\n    url: `${base}/BookStore/v1/BooksXYZ`,\n    failOnStatusCode: false\n  }).then(res => {\n    // Expected: 404 Not Found\n    // Observed: 200 -> API defect (invalid routes should not succeed)\n    expect(res.status, 'BUG: invalid endpoint must not return 2xx').to.not.be.within(200, 299);\n  });\n});",
              "err": {
                "message": "AssertionError: BUG: invalid endpoint must not return 2xx: expected 200 to not be within 200..299",
                "estack": "AssertionError: BUG: invalid endpoint must not return 2xx: expected 200 to not be within 200..299\n    at Context.eval (webpack://abb-demoqa-cypress-marisleydihondar/./cypress/e2e/api/books.negative.cy.js:31:82)\n    at getRet (https://demoqa.com/__cypress/runner/cypress_runner.js:122806:20)\n    at tryCatcher (https://demoqa.com/__cypress/runner/cypress_runner.js:1777:23)\n    at Promise.attempt.Promise.try (https://demoqa.com/__cypress/runner/cypress_runner.js:4285:29)\n    at Context.thenFn (https://demoqa.com/__cypress/runner/cypress_runner.js:122817:66)\n    at Context.then (https://demoqa.com/__cypress/runner/cypress_runner.js:123068:21)",
                "diff": null
              },
              "uuid": "0673738a-bdac-4ba1-8e57-c8f07930fb10",
              "parentUUID": "b642a103-c349-4b66-9840-17e2cac4dbd7",
              "isHook": false,
              "skipped": false
            },
            {
              "title": "TC-API-09 — Edge: response handles additional query params gracefully",
              "fullTitle": "API - Negative Scenarios: BookStore Books TC-API-09 — Edge: response handles additional query params gracefully",
              "timedOut": null,
              "duration": 59,
              "state": "passed",
              "speed": "fast",
              "pass": true,
              "fail": false,
              "pending": false,
              "context": null,
              "code": "cy.env(['apiBaseUrl']).then(({\n  apiBaseUrl\n}) => {\n  const base = apiBaseUrl || 'https://demoqa.com';\n  cy.request({\n    method: 'GET',\n    url: `${base}/BookStore/v1/Books?foo=bar`,\n    failOnStatusCode: false\n  }).then(res => {\n    // Either returns same dataset (200) or a 4xx, but must not be 500\n    expect(res.status).to.not.be.within(500, 599);\n    if (res.status === 200) {\n      expect(res.body).to.have.property('books');\n      expect(res.body.books).to.be.an('array');\n    }\n  });\n});",
              "err": {},
              "uuid": "eb505822-c04d-4067-ade6-3b86c34050a9",
              "parentUUID": "b642a103-c349-4b66-9840-17e2cac4dbd7",
              "isHook": false,
              "skipped": false
            }
          ],
          "suites": [],
          "passes": ["eb505822-c04d-4067-ade6-3b86c34050a9"],
          "failures": [
            "a789c9d7-ae3f-4a04-aba9-aa5d88c04b83",
            "0673738a-bdac-4ba1-8e57-c8f07930fb10"
          ],
          "pending": [],
          "skipped": [],
          "duration": 429,
          "root": false,
          "rootEmpty": false,
          "_timeout": 2000
        }
      ],
      "passes": [],
      "failures": [],
      "pending": [],
      "skipped": [],
      "duration": 0,
      "root": true,
      "rootEmpty": true,
      "_timeout": 2000
    }
  ],
  "meta": {
    "mocha": {
      "version": "7.2.0"
    },
    "mochawesome": {
      "options": {
        "quiet": false,
        "reportFilename": "mochawesome",
        "saveHtml": false,
        "saveJson": true,
        "consoleReporter": "spec",
        "useInlineDiffs": false,
        "code": true
      },
      "version": "7.1.4"
    },
    "marge": {
      "options": {
        "reportDir": "cypress/reports",
        "overwrite": false,
        "html": false,
        "json": true
      },
      "version": "6.3.2"
    }
  }
}
