{
  "stats": {
    "suites": 1,
    "tests": 5,
    "passes": 5,
    "pending": 0,
    "failures": 0,
    "start": "2026-02-27T15:45:41.612Z",
    "end": "2026-02-27T15:45:42.335Z",
    "duration": 723,
    "testsRegistered": 5,
    "passPercent": 100,
    "pendingPercent": 0,
    "other": 0,
    "hasOther": false,
    "skipped": 0,
    "hasSkipped": false
  },
  "results": [
    {
      "uuid": "88b9a329-2262-4f94-ade3-c791819c246b",
      "title": "",
      "fullFile": "cypress/e2e/api/books.get.cy.js",
      "file": "cypress/e2e/api/books.get.cy.js",
      "beforeHooks": [],
      "afterHooks": [],
      "tests": [],
      "suites": [
        {
          "uuid": "8339a2ba-e64b-463d-b21a-188ce88ae9c5",
          "title": "API - GET /BookStore/v1/Books",
          "fullFile": "",
          "file": "",
          "beforeHooks": [],
          "afterHooks": [],
          "tests": [
            {
              "title": "TC-API-01 — Get all books returns 200",
              "fullTitle": "API - GET /BookStore/v1/Books TC-API-01 — Get all books returns 200",
              "timedOut": null,
              "duration": 276,
              "state": "passed",
              "speed": "fast",
              "pass": true,
              "fail": false,
              "pending": false,
              "context": null,
              "code": "cy.getBooks().then(res => {\n  expect(res.status).to.eq(200);\n  expect(res.body).to.have.property('books');\n  expect(res.body.books).to.be.an('array');\n  expect(res.body.books.length).to.be.greaterThan(0);\n});",
              "err": {},
              "uuid": "5652fade-c181-4c2e-bd5b-dbd29176c0b3",
              "parentUUID": "8339a2ba-e64b-463d-b21a-188ce88ae9c5",
              "isHook": false,
              "skipped": false
            },
            {
              "title": "TC-API-02 — Response contains expected number of books (dataset integrity)",
              "fullTitle": "API - GET /BookStore/v1/Books TC-API-02 — Response contains expected number of books (dataset integrity)",
              "timedOut": null,
              "duration": 80,
              "state": "passed",
              "speed": "fast",
              "pass": true,
              "fail": false,
              "pending": false,
              "context": null,
              "code": "cy.fixture('books/expectations.json').then(({\n  expectedBooksCount\n}) => {\n  cy.getBooks().then(res => {\n    expect(res.status).to.eq(200);\n    expect(res.body).to.have.property('books');\n    expect(res.body.books).to.have.length(expectedBooksCount);\n  });\n});",
              "err": {},
              "uuid": "5f5d9f74-07f1-4a3c-9791-8d42b1b7344f",
              "parentUUID": "8339a2ba-e64b-463d-b21a-188ce88ae9c5",
              "isHook": false,
              "skipped": false
            },
            {
              "title": "TC-API-03 — Contract validation: required fields exist (title, author)",
              "fullTitle": "API - GET /BookStore/v1/Books TC-API-03 — Contract validation: required fields exist (title, author)",
              "timedOut": null,
              "duration": 84,
              "state": "passed",
              "speed": "fast",
              "pass": true,
              "fail": false,
              "pending": false,
              "context": null,
              "code": "cy.getBooks().then(res => {\n  expect(res.status).to.eq(200);\n  expect(res.body).to.have.property('books');\n  expect(res.body.books).to.be.an('array').and.not.be.empty;\n  res.body.books.forEach((book, index) => {\n    expect(book, `book at index ${index}`).to.be.an('object');\n    // Title\n    expect(book).to.have.property('title');\n    expect(book.title).to.be.a('string');\n    expect(book.title.trim(), 'title should not be empty or whitespace').to.not.equal('');\n    // Author\n    expect(book).to.have.property('author');\n    expect(book.author).to.be.a('string');\n    expect(book.author.trim(), 'author should not be empty or whitespace').to.not.equal('');\n  });\n});",
              "err": {},
              "uuid": "73fe588c-3f79-4fd6-81cb-630ee613f035",
              "parentUUID": "8339a2ba-e64b-463d-b21a-188ce88ae9c5",
              "isHook": false,
              "skipped": false
            },
            {
              "title": "TC-API-04 — Contract validation: key fields are valid types",
              "fullTitle": "API - GET /BookStore/v1/Books TC-API-04 — Contract validation: key fields are valid types",
              "timedOut": null,
              "duration": 108,
              "state": "passed",
              "speed": "fast",
              "pass": true,
              "fail": false,
              "pending": false,
              "context": null,
              "code": "cy.getBooks().then(res => {\n  expect(res.status).to.eq(200);\n  expect(res.body.books).to.be.an('array').and.not.be.empty;\n  res.body.books.forEach(book => {\n    // key fields\n    expect(book).to.have.property('isbn');\n    expect(book.isbn).to.be.a('string').and.not.be.empty;\n    expect(book).to.have.property('title');\n    expect(book.title).to.be.a('string').and.not.be.empty;\n    expect(book).to.have.property('author');\n    expect(book.author).to.be.a('string').and.not.be.empty;\n    // optional: publish_date parseable (if present)\n    if (book.publish_date != null) {\n      expect(book.publish_date).to.be.a('string').and.not.be.empty;\n      expect(Date.parse(book.publish_date), 'publish_date should be parseable').to.not.be.NaN;\n    }\n    // no unexpected nulls for required fields\n    expect(book.title).to.not.equal(null);\n    expect(book.author).to.not.equal(null);\n    expect(book.isbn).to.not.equal(null);\n  });\n});",
              "err": {},
              "uuid": "16b4553a-7726-4fed-aaa7-ed05103d86d8",
              "parentUUID": "8339a2ba-e64b-463d-b21a-188ce88ae9c5",
              "isHook": false,
              "skipped": false
            },
            {
              "title": "TC-API-05 — Idempotency: repeated calls return consistent dataset",
              "fullTitle": "API - GET /BookStore/v1/Books TC-API-05 — Idempotency: repeated calls return consistent dataset",
              "timedOut": null,
              "duration": 131,
              "state": "passed",
              "speed": "fast",
              "pass": true,
              "fail": false,
              "pending": false,
              "context": null,
              "code": "cy.fixture('books/expectations.json').then(({\n  expectedBooksCount\n}) => {\n  cy.getBooks().then(firstRes => {\n    expect(firstRes.status).to.eq(200);\n    expect(firstRes.body.books).to.have.length(expectedBooksCount);\n    const firstIsbnSet = firstRes.body.books.map(b => b.isbn).sort();\n    cy.getBooks().then(secondRes => {\n      expect(secondRes.status).to.eq(200);\n      expect(secondRes.body.books).to.have.length(expectedBooksCount);\n      const secondIsbnSet = secondRes.body.books.map(b => b.isbn).sort();\n      expect(secondIsbnSet).to.deep.equal(firstIsbnSet);\n    });\n  });\n});",
              "err": {},
              "uuid": "bf89f471-3fb7-4ca9-a725-7c0c64fe5eb7",
              "parentUUID": "8339a2ba-e64b-463d-b21a-188ce88ae9c5",
              "isHook": false,
              "skipped": false
            }
          ],
          "suites": [],
          "passes": [
            "5652fade-c181-4c2e-bd5b-dbd29176c0b3",
            "5f5d9f74-07f1-4a3c-9791-8d42b1b7344f",
            "73fe588c-3f79-4fd6-81cb-630ee613f035",
            "16b4553a-7726-4fed-aaa7-ed05103d86d8",
            "bf89f471-3fb7-4ca9-a725-7c0c64fe5eb7"
          ],
          "failures": [],
          "pending": [],
          "skipped": [],
          "duration": 679,
          "root": false,
          "rootEmpty": false,
          "_timeout": 2000
        }
      ],
      "passes": [],
      "failures": [],
      "pending": [],
      "skipped": [],
      "duration": 0,
      "root": true,
      "rootEmpty": true,
      "_timeout": 2000
    }
  ],
  "meta": {
    "mocha": {
      "version": "7.2.0"
    },
    "mochawesome": {
      "options": {
        "quiet": false,
        "reportFilename": "mochawesome",
        "saveHtml": false,
        "saveJson": true,
        "consoleReporter": "spec",
        "useInlineDiffs": false,
        "code": true
      },
      "version": "7.1.4"
    },
    "marge": {
      "options": {
        "reportDir": "cypress/reports",
        "overwrite": false,
        "html": false,
        "json": true
      },
      "version": "6.3.2"
    }
  }
}
