{
  "stats": {
    "suites": 1,
    "tests": 5,
    "passes": 5,
    "pending": 0,
    "failures": 0,
    "start": "2026-02-27T16:40:55.286Z",
    "end": "2026-02-27T16:40:55.894Z",
    "duration": 608,
    "testsRegistered": 5,
    "passPercent": 100,
    "pendingPercent": 0,
    "other": 0,
    "hasOther": false,
    "skipped": 0,
    "hasSkipped": false
  },
  "results": [
    {
      "uuid": "67fa6083-42c2-47e9-92e1-ec8a5a4fa891",
      "title": "",
      "fullFile": "cypress/e2e/api/books.get.cy.js",
      "file": "cypress/e2e/api/books.get.cy.js",
      "beforeHooks": [],
      "afterHooks": [],
      "tests": [],
      "suites": [
        {
          "uuid": "cb7e6e46-d385-4743-95a7-94d9e9c77d93",
          "title": "API - GET /BookStore/v1/Books",
          "fullFile": "",
          "file": "",
          "beforeHooks": [],
          "afterHooks": [],
          "tests": [
            {
              "title": "TC-API-01 — Get all books returns 200",
              "fullTitle": "API - GET /BookStore/v1/Books TC-API-01 — Get all books returns 200",
              "timedOut": null,
              "duration": 210,
              "state": "passed",
              "speed": "fast",
              "pass": true,
              "fail": false,
              "pending": false,
              "context": null,
              "code": "cy.getBooks().then(res => {\n  expect(res.status).to.eq(200);\n  expect(res.body).to.have.property('books');\n  expect(res.body.books).to.be.an('array');\n  expect(res.body.books.length).to.be.greaterThan(0);\n});",
              "err": {},
              "uuid": "88148f5a-1898-4262-ba8b-90abd8483a5b",
              "parentUUID": "cb7e6e46-d385-4743-95a7-94d9e9c77d93",
              "isHook": false,
              "skipped": false
            },
            {
              "title": "TC-API-02 — Response contains expected number of books (dataset integrity)",
              "fullTitle": "API - GET /BookStore/v1/Books TC-API-02 — Response contains expected number of books (dataset integrity)",
              "timedOut": null,
              "duration": 61,
              "state": "passed",
              "speed": "fast",
              "pass": true,
              "fail": false,
              "pending": false,
              "context": null,
              "code": "cy.fixture('books/expectations.json').then(({\n  expectedBooksCount\n}) => {\n  cy.getBooks().then(res => {\n    expect(res.status).to.eq(200);\n    expect(res.body).to.have.property('books');\n    expect(res.body.books).to.have.length(expectedBooksCount);\n  });\n});",
              "err": {},
              "uuid": "93b2b149-ed5a-4a40-b336-bf715d3ec8c7",
              "parentUUID": "cb7e6e46-d385-4743-95a7-94d9e9c77d93",
              "isHook": false,
              "skipped": false
            },
            {
              "title": "TC-API-03 — Contract validation: required fields exist (title, author)",
              "fullTitle": "API - GET /BookStore/v1/Books TC-API-03 — Contract validation: required fields exist (title, author)",
              "timedOut": null,
              "duration": 77,
              "state": "passed",
              "speed": "fast",
              "pass": true,
              "fail": false,
              "pending": false,
              "context": null,
              "code": "cy.getBooks().then(res => {\n  expect(res.status).to.eq(200);\n  expect(res.body).to.have.property('books');\n  expect(res.body.books).to.be.an('array').and.not.be.empty;\n  res.body.books.forEach((book, index) => {\n    expect(book, `book at index ${index}`).to.be.an('object');\n    // Title\n    expect(book).to.have.property('title');\n    expect(book.title).to.be.a('string');\n    expect(book.title.trim(), 'title should not be empty or whitespace').to.not.equal('');\n    // Author\n    expect(book).to.have.property('author');\n    expect(book.author).to.be.a('string');\n    expect(book.author.trim(), 'author should not be empty or whitespace').to.not.equal('');\n  });\n});",
              "err": {},
              "uuid": "9017ae61-5d2d-4dc2-957c-bac8fd94167c",
              "parentUUID": "cb7e6e46-d385-4743-95a7-94d9e9c77d93",
              "isHook": false,
              "skipped": false
            },
            {
              "title": "TC-API-04 — Contract validation: key fields are valid types",
              "fullTitle": "API - GET /BookStore/v1/Books TC-API-04 — Contract validation: key fields are valid types",
              "timedOut": null,
              "duration": 103,
              "state": "passed",
              "speed": "fast",
              "pass": true,
              "fail": false,
              "pending": false,
              "context": null,
              "code": "cy.getBooks().then(res => {\n  expect(res.status).to.eq(200);\n  expect(res.body.books).to.be.an('array').and.not.be.empty;\n  res.body.books.forEach(book => {\n    // key fields\n    expect(book).to.have.property('isbn');\n    expect(book.isbn).to.be.a('string').and.not.be.empty;\n    expect(book).to.have.property('title');\n    expect(book.title).to.be.a('string').and.not.be.empty;\n    expect(book).to.have.property('author');\n    expect(book.author).to.be.a('string').and.not.be.empty;\n    // optional: publish_date parseable (if present)\n    if (book.publish_date != null) {\n      expect(book.publish_date).to.be.a('string').and.not.be.empty;\n      expect(Date.parse(book.publish_date), 'publish_date should be parseable').to.not.be.NaN;\n    }\n    // no unexpected nulls for required fields\n    expect(book.title).to.not.equal(null);\n    expect(book.author).to.not.equal(null);\n    expect(book.isbn).to.not.equal(null);\n  });\n});",
              "err": {},
              "uuid": "79914cef-1895-417c-92ff-47bfe31f8bda",
              "parentUUID": "cb7e6e46-d385-4743-95a7-94d9e9c77d93",
              "isHook": false,
              "skipped": false
            },
            {
              "title": "TC-API-05 — Idempotency: repeated calls return consistent dataset",
              "fullTitle": "API - GET /BookStore/v1/Books TC-API-05 — Idempotency: repeated calls return consistent dataset",
              "timedOut": null,
              "duration": 120,
              "state": "passed",
              "speed": "fast",
              "pass": true,
              "fail": false,
              "pending": false,
              "context": null,
              "code": "cy.fixture('books/expectations.json').then(({\n  expectedBooksCount\n}) => {\n  cy.getBooks().then(firstRes => {\n    expect(firstRes.status).to.eq(200);\n    expect(firstRes.body.books).to.have.length(expectedBooksCount);\n    const firstIsbnSet = firstRes.body.books.map(b => b.isbn).sort();\n    cy.getBooks().then(secondRes => {\n      expect(secondRes.status).to.eq(200);\n      expect(secondRes.body.books).to.have.length(expectedBooksCount);\n      const secondIsbnSet = secondRes.body.books.map(b => b.isbn).sort();\n      expect(secondIsbnSet).to.deep.equal(firstIsbnSet);\n    });\n  });\n});",
              "err": {},
              "uuid": "886af05c-d30d-47c7-aad7-44914b68fdad",
              "parentUUID": "cb7e6e46-d385-4743-95a7-94d9e9c77d93",
              "isHook": false,
              "skipped": false
            }
          ],
          "suites": [],
          "passes": [
            "88148f5a-1898-4262-ba8b-90abd8483a5b",
            "93b2b149-ed5a-4a40-b336-bf715d3ec8c7",
            "9017ae61-5d2d-4dc2-957c-bac8fd94167c",
            "79914cef-1895-417c-92ff-47bfe31f8bda",
            "886af05c-d30d-47c7-aad7-44914b68fdad"
          ],
          "failures": [],
          "pending": [],
          "skipped": [],
          "duration": 571,
          "root": false,
          "rootEmpty": false,
          "_timeout": 2000
        }
      ],
      "passes": [],
      "failures": [],
      "pending": [],
      "skipped": [],
      "duration": 0,
      "root": true,
      "rootEmpty": true,
      "_timeout": 2000
    }
  ],
  "meta": {
    "mocha": {
      "version": "7.2.0"
    },
    "mochawesome": {
      "options": {
        "quiet": false,
        "reportFilename": "mochawesome",
        "saveHtml": false,
        "saveJson": true,
        "consoleReporter": "spec",
        "useInlineDiffs": false,
        "code": true
      },
      "version": "7.1.4"
    },
    "marge": {
      "options": {
        "reportDir": "cypress/reports",
        "overwrite": false,
        "html": false,
        "json": true
      },
      "version": "6.3.2"
    }
  }
}
