{
  "stats": {
    "suites": 1,
    "tests": 5,
    "passes": 5,
    "pending": 0,
    "failures": 0,
    "start": "2026-02-27T15:27:19.671Z",
    "end": "2026-02-27T15:27:20.324Z",
    "duration": 653,
    "testsRegistered": 5,
    "passPercent": 100,
    "pendingPercent": 0,
    "other": 0,
    "hasOther": false,
    "skipped": 0,
    "hasSkipped": false
  },
  "results": [
    {
      "uuid": "17e8a913-04a6-4ed9-b9f1-e2d463844812",
      "title": "",
      "fullFile": "cypress/e2e/api/books.get.cy.js",
      "file": "cypress/e2e/api/books.get.cy.js",
      "beforeHooks": [],
      "afterHooks": [],
      "tests": [],
      "suites": [
        {
          "uuid": "592ad7b0-be36-4b81-9195-ec0740a62d73",
          "title": "API - GET /BookStore/v1/Books",
          "fullFile": "",
          "file": "",
          "beforeHooks": [],
          "afterHooks": [],
          "tests": [
            {
              "title": "TC-API-01 — Get all books returns 200",
              "fullTitle": "API - GET /BookStore/v1/Books TC-API-01 — Get all books returns 200",
              "timedOut": null,
              "duration": 225,
              "state": "passed",
              "speed": "fast",
              "pass": true,
              "fail": false,
              "pending": false,
              "context": null,
              "code": "cy.getBooks().then(res => {\n  expect(res.status).to.eq(200);\n  expect(res.body).to.have.property('books');\n  expect(res.body.books).to.be.an('array');\n  expect(res.body.books.length).to.be.greaterThan(0);\n});",
              "err": {},
              "uuid": "bf0cb390-08fb-4a46-9186-74fb8b16be5d",
              "parentUUID": "592ad7b0-be36-4b81-9195-ec0740a62d73",
              "isHook": false,
              "skipped": false
            },
            {
              "title": "TC-API-02 — Response contains expected number of books (dataset integrity)",
              "fullTitle": "API - GET /BookStore/v1/Books TC-API-02 — Response contains expected number of books (dataset integrity)",
              "timedOut": null,
              "duration": 65,
              "state": "passed",
              "speed": "fast",
              "pass": true,
              "fail": false,
              "pending": false,
              "context": null,
              "code": "cy.fixture('books/expectations.json').then(({\n  expectedBooksCount\n}) => {\n  cy.getBooks().then(res => {\n    expect(res.status).to.eq(200);\n    expect(res.body).to.have.property('books');\n    expect(res.body.books).to.have.length(expectedBooksCount);\n  });\n});",
              "err": {},
              "uuid": "5eaec86a-65f3-4a55-9989-7aee6b76af75",
              "parentUUID": "592ad7b0-be36-4b81-9195-ec0740a62d73",
              "isHook": false,
              "skipped": false
            },
            {
              "title": "TC-API-03 — Contract validation: required fields exist (title, author)",
              "fullTitle": "API - GET /BookStore/v1/Books TC-API-03 — Contract validation: required fields exist (title, author)",
              "timedOut": null,
              "duration": 77,
              "state": "passed",
              "speed": "fast",
              "pass": true,
              "fail": false,
              "pending": false,
              "context": null,
              "code": "cy.getBooks().then(res => {\n  expect(res.status).to.eq(200);\n  expect(res.body).to.have.property('books');\n  expect(res.body.books).to.be.an('array').and.not.be.empty;\n  res.body.books.forEach((book, index) => {\n    expect(book, `book at index ${index}`).to.be.an('object');\n    // Title\n    expect(book).to.have.property('title');\n    expect(book.title).to.be.a('string');\n    expect(book.title.trim(), 'title should not be empty or whitespace').to.not.equal('');\n    // Author\n    expect(book).to.have.property('author');\n    expect(book.author).to.be.a('string');\n    expect(book.author.trim(), 'author should not be empty or whitespace').to.not.equal('');\n  });\n});",
              "err": {},
              "uuid": "75fe34ea-7d99-432a-be81-9137989c7256",
              "parentUUID": "592ad7b0-be36-4b81-9195-ec0740a62d73",
              "isHook": false,
              "skipped": false
            },
            {
              "title": "TC-API-04 — Contract validation: key fields are valid types",
              "fullTitle": "API - GET /BookStore/v1/Books TC-API-04 — Contract validation: key fields are valid types",
              "timedOut": null,
              "duration": 109,
              "state": "passed",
              "speed": "fast",
              "pass": true,
              "fail": false,
              "pending": false,
              "context": null,
              "code": "cy.getBooks().then(res => {\n  expect(res.status).to.eq(200);\n  expect(res.body.books).to.be.an('array').and.not.be.empty;\n  res.body.books.forEach(book => {\n    // key fields\n    expect(book).to.have.property('isbn');\n    expect(book.isbn).to.be.a('string').and.not.be.empty;\n    expect(book).to.have.property('title');\n    expect(book.title).to.be.a('string').and.not.be.empty;\n    expect(book).to.have.property('author');\n    expect(book.author).to.be.a('string').and.not.be.empty;\n    // optional: publish_date parseable (if present)\n    if (book.publish_date != null) {\n      expect(book.publish_date).to.be.a('string').and.not.be.empty;\n      expect(Date.parse(book.publish_date), 'publish_date should be parseable').to.not.be.NaN;\n    }\n    // no unexpected nulls for required fields\n    expect(book.title).to.not.equal(null);\n    expect(book.author).to.not.equal(null);\n    expect(book.isbn).to.not.equal(null);\n  });\n});",
              "err": {},
              "uuid": "f42169be-3ccf-4835-bdc6-0d149ffd8304",
              "parentUUID": "592ad7b0-be36-4b81-9195-ec0740a62d73",
              "isHook": false,
              "skipped": false
            },
            {
              "title": "TC-API-05 — Idempotency: repeated calls return consistent dataset",
              "fullTitle": "API - GET /BookStore/v1/Books TC-API-05 — Idempotency: repeated calls return consistent dataset",
              "timedOut": null,
              "duration": 136,
              "state": "passed",
              "speed": "fast",
              "pass": true,
              "fail": false,
              "pending": false,
              "context": null,
              "code": "cy.fixture('books/expectations.json').then(({\n  expectedBooksCount\n}) => {\n  cy.getBooks().then(firstRes => {\n    expect(firstRes.status).to.eq(200);\n    expect(firstRes.body.books).to.have.length(expectedBooksCount);\n    const firstIsbnSet = firstRes.body.books.map(b => b.isbn).sort();\n    cy.getBooks().then(secondRes => {\n      expect(secondRes.status).to.eq(200);\n      expect(secondRes.body.books).to.have.length(expectedBooksCount);\n      const secondIsbnSet = secondRes.body.books.map(b => b.isbn).sort();\n      expect(secondIsbnSet).to.deep.equal(firstIsbnSet);\n    });\n  });\n});",
              "err": {},
              "uuid": "2ac64514-bc66-4680-9743-f36d58d9d392",
              "parentUUID": "592ad7b0-be36-4b81-9195-ec0740a62d73",
              "isHook": false,
              "skipped": false
            }
          ],
          "suites": [],
          "passes": [
            "bf0cb390-08fb-4a46-9186-74fb8b16be5d",
            "5eaec86a-65f3-4a55-9989-7aee6b76af75",
            "75fe34ea-7d99-432a-be81-9137989c7256",
            "f42169be-3ccf-4835-bdc6-0d149ffd8304",
            "2ac64514-bc66-4680-9743-f36d58d9d392"
          ],
          "failures": [],
          "pending": [],
          "skipped": [],
          "duration": 612,
          "root": false,
          "rootEmpty": false,
          "_timeout": 2000
        }
      ],
      "passes": [],
      "failures": [],
      "pending": [],
      "skipped": [],
      "duration": 0,
      "root": true,
      "rootEmpty": true,
      "_timeout": 2000
    }
  ],
  "meta": {
    "mocha": {
      "version": "7.2.0"
    },
    "mochawesome": {
      "options": {
        "quiet": false,
        "reportFilename": "mochawesome",
        "saveHtml": false,
        "saveJson": true,
        "consoleReporter": "spec",
        "useInlineDiffs": false,
        "code": true
      },
      "version": "7.1.4"
    },
    "marge": {
      "options": {
        "reportDir": "cypress/reports",
        "overwrite": false,
        "html": false,
        "json": true
      },
      "version": "6.3.2"
    }
  }
}
