{
  "stats": {
    "suites": 1,
    "tests": 1,
    "passes": 1,
    "pending": 0,
    "failures": 0,
    "start": "2026-02-27T16:38:25.845Z",
    "end": "2026-02-27T16:38:28.525Z",
    "duration": 2680,
    "testsRegistered": 1,
    "passPercent": 100,
    "pendingPercent": 0,
    "other": 0,
    "hasOther": false,
    "skipped": 0,
    "hasSkipped": false
  },
  "results": [
    {
      "uuid": "d8353e6a-aa59-4f60-8dcd-fc386252fd27",
      "title": "",
      "fullFile": "cypress/e2e/ui/smoke.cy.js",
      "file": "cypress/e2e/ui/smoke.cy.js",
      "beforeHooks": [],
      "afterHooks": [],
      "tests": [],
      "suites": [
        {
          "uuid": "179a27a6-2fef-4cdf-9619-dadca95ab069",
          "title": "Smoke",
          "fullFile": "",
          "file": "",
          "beforeHooks": [],
          "afterHooks": [],
          "tests": [
            {
              "title": "logs in and validates profile",
              "fullTitle": "Smoke logs in and validates profile",
              "timedOut": null,
              "duration": 2647,
              "state": "passed",
              "speed": "fast",
              "pass": true,
              "fail": false,
              "pending": false,
              "context": null,
              "code": "getCredentialsFromEnv().then(({\n  username,\n  password\n}) => {\n  cy.login(username, password);\n  profilePage.expectUsername(username);\n});",
              "err": {},
              "uuid": "79e4f4a9-db5c-4b2b-b34e-a3f775dbe7cc",
              "parentUUID": "179a27a6-2fef-4cdf-9619-dadca95ab069",
              "isHook": false,
              "skipped": false
            }
          ],
          "suites": [],
          "passes": ["79e4f4a9-db5c-4b2b-b34e-a3f775dbe7cc"],
          "failures": [],
          "pending": [],
          "skipped": [],
          "duration": 2647,
          "root": false,
          "rootEmpty": false,
          "_timeout": 2000
        }
      ],
      "passes": [],
      "failures": [],
      "pending": [],
      "skipped": [],
      "duration": 0,
      "root": true,
      "rootEmpty": true,
      "_timeout": 2000
    }
  ],
  "meta": {
    "mocha": {
      "version": "7.2.0"
    },
    "mochawesome": {
      "options": {
        "quiet": false,
        "reportFilename": "mochawesome",
        "saveHtml": false,
        "saveJson": true,
        "consoleReporter": "spec",
        "useInlineDiffs": false,
        "code": true
      },
      "version": "7.1.4"
    },
    "marge": {
      "options": {
        "reportDir": "cypress/reports",
        "overwrite": false,
        "html": false,
        "json": true
      },
      "version": "6.3.2"
    }
  }
}
