{
  "stats": {
    "suites": 1,
    "tests": 4,
    "passes": 3,
    "pending": 0,
    "failures": 1,
    "start": "2026-02-27T15:45:45.114Z",
    "end": "2026-02-27T15:46:02.006Z",
    "duration": 16892,
    "testsRegistered": 4,
    "passPercent": 75,
    "pendingPercent": 0,
    "other": 0,
    "hasOther": false,
    "skipped": 0,
    "hasSkipped": false
  },
  "results": [
    {
      "uuid": "324cbba9-2290-463a-81bf-5e25ae8782d5",
      "title": "",
      "fullFile": "cypress/e2e/ui/books-search.cy.js",
      "file": "cypress/e2e/ui/books-search.cy.js",
      "beforeHooks": [],
      "afterHooks": [],
      "tests": [],
      "suites": [
        {
          "uuid": "9de6e944-ecde-41a8-ae9f-f96fe1e369d1",
          "title": "UI - Books Search (/books)",
          "fullFile": "",
          "file": "",
          "beforeHooks": [],
          "afterHooks": [],
          "tests": [
            {
              "title": "TC-UI-01 (P0) — Books page loads and renders list",
              "fullTitle": "UI - Books Search (/books) TC-UI-01 (P0) — Books page loads and renders list",
              "timedOut": null,
              "duration": 785,
              "state": "passed",
              "speed": "fast",
              "pass": true,
              "fail": false,
              "pending": false,
              "context": null,
              "code": "booksPage.getRowsCount().then(count => {\n  expect(count, 'book rows count').to.be.greaterThan(0);\n});",
              "err": {},
              "uuid": "c0be9b8b-2bcd-4ec2-a5f5-c04ba8082f0f",
              "parentUUID": "9de6e944-ecde-41a8-ae9f-f96fe1e369d1",
              "isHook": false,
              "skipped": false
            },
            {
              "title": "TC-UI-02 (P0) — Search filters list by partial title (happy path)",
              "fullTitle": "UI - Books Search (/books) TC-UI-02 (P0) — Search filters list by partial title (happy path)",
              "timedOut": null,
              "duration": 583,
              "state": "passed",
              "speed": "fast",
              "pass": true,
              "fail": false,
              "pending": false,
              "context": null,
              "code": "booksPage.search(data.validSearchTerm);\nbooksPage.expectAllTitlesContain(data.validSearchTerm);",
              "err": {},
              "uuid": "75e1e83d-74b2-4b50-a1e2-3403f8154255",
              "parentUUID": "9de6e944-ecde-41a8-ae9f-f96fe1e369d1",
              "isHook": false,
              "skipped": false
            },
            {
              "title": "TC-UI-05 (P1) — Edge: empty search shows full dataset (returns to initial count)",
              "fullTitle": "UI - Books Search (/books) TC-UI-05 (P1) — Edge: empty search shows full dataset (returns to initial count)",
              "timedOut": null,
              "duration": 791,
              "state": "passed",
              "speed": "fast",
              "pass": true,
              "fail": false,
              "pending": false,
              "context": null,
              "code": "booksPage.getRowsCount().then(initialCount => {\n  expect(initialCount, 'initial row count').to.be.greaterThan(0);\n  // Filtrar primero para probar el \"reset\"\n  booksPage.search(data.validSearchTerm);\n  // En UI real puede que no reduzca si el término matchea todo,\n  // pero en general debe ser <= initial.\n  booksPage.getRowsCount().should('be.at.most', initialCount);\n  // Vacío => vuelve baseline\n  booksPage.clearSearch();\n  booksPage.getRowsCount().should('equal', initialCount);\n});",
              "err": {},
              "uuid": "d41cc8be-c461-4bc8-a33f-6658176a89ba",
              "parentUUID": "9de6e944-ecde-41a8-ae9f-f96fe1e369d1",
              "isHook": false,
              "skipped": false
            },
            {
              "title": "TC-UI-06 (P1) — Edge: whitespace-only input behaves like empty OR returns no results (must not break UI)",
              "fullTitle": "UI - Books Search (/books) TC-UI-06 (P1) — Edge: whitespace-only input behaves like empty OR returns no results (must not break UI)",
              "timedOut": null,
              "duration": 4864,
              "state": "failed",
              "speed": null,
              "pass": false,
              "fail": true,
              "pending": false,
              "context": null,
              "code": "booksPage.getRowsCount().then(initialCount => {\n  expect(initialCount, 'initial row count').to.be.greaterThan(0);\n  // Requiere que exista en fixture\n  expect(data.whitespaceSearchTerm, 'whitespaceSearchTerm in fixture').to.exist;\n  booksPage.search(data.whitespaceSearchTerm);\n  // Comportamiento aceptado:\n  // A) whitespace tratado como empty => baseline\n  // B) whitespace tratado como literal => 0\n  booksPage.getRowsCount().then(countAfter => {\n    const accepted = countAfter === initialCount || countAfter === 0;\n    expect(accepted, `rows after whitespace should be ${initialCount} or 0`).to.eq(true);\n  });\n  // La UI debe seguir usable: limpiar vuelve baseline\n  booksPage.clearSearch();\n  booksPage.getRowsCount().should('equal', initialCount);\n});",
              "err": {
                "message": "AssertionError: Timed out retrying after 4000ms: Expected to find element: `table tbody tr`, but never found it.",
                "estack": "AssertionError: Timed out retrying after 4000ms: Expected to find element: `table tbody tr`, but never found it.\n    at BooksPage.getRowsCount (webpack://abb-demoqa-cypress-marisleydihondar/./cypress/pages/books.page.js:21:14)\n    at Context.eval (webpack://abb-demoqa-cypress-marisleydihondar/./cypress/e2e/ui/books-search.cy.js:60:16)\n    at getRet (https://demoqa.com/__cypress/runner/cypress_runner.js:122806:20)\n    at tryCatcher (https://demoqa.com/__cypress/runner/cypress_runner.js:1777:23)\n    at Promise.attempt.Promise.try (https://demoqa.com/__cypress/runner/cypress_runner.js:4285:29)\n    at Context.thenFn (https://demoqa.com/__cypress/runner/cypress_runner.js:122817:66)\n    at Context.then (https://demoqa.com/__cypress/runner/cypress_runner.js:123068:21)\n    at wrapped (https://demoqa.com/__cypress/runner/cypress_runner.js:146326:19)",
                "diff": null
              },
              "uuid": "aa8536fe-e808-40e1-bc67-2cfeeb23a555",
              "parentUUID": "9de6e944-ecde-41a8-ae9f-f96fe1e369d1",
              "isHook": false,
              "skipped": false
            }
          ],
          "suites": [],
          "passes": [
            "c0be9b8b-2bcd-4ec2-a5f5-c04ba8082f0f",
            "75e1e83d-74b2-4b50-a1e2-3403f8154255",
            "d41cc8be-c461-4bc8-a33f-6658176a89ba"
          ],
          "failures": ["aa8536fe-e808-40e1-bc67-2cfeeb23a555"],
          "pending": [],
          "skipped": [],
          "duration": 7023,
          "root": false,
          "rootEmpty": false,
          "_timeout": 2000
        }
      ],
      "passes": [],
      "failures": [],
      "pending": [],
      "skipped": [],
      "duration": 0,
      "root": true,
      "rootEmpty": true,
      "_timeout": 2000
    }
  ],
  "meta": {
    "mocha": {
      "version": "7.2.0"
    },
    "mochawesome": {
      "options": {
        "quiet": false,
        "reportFilename": "mochawesome",
        "saveHtml": false,
        "saveJson": true,
        "consoleReporter": "spec",
        "useInlineDiffs": false,
        "code": true
      },
      "version": "7.1.4"
    },
    "marge": {
      "options": {
        "reportDir": "cypress/reports",
        "overwrite": false,
        "html": false,
        "json": true
      },
      "version": "6.3.2"
    }
  }
}
